Flow report for lab8
Sat Nov 19 21:00:43 2016
Quartus II 64-Bit Version 15.0.0 Build 145 04/22/2015 SJ Web Edition


---------------------
; Table of Contents ;
---------------------
  1. Legal Notice
  2. Flow Summary
  3. Flow Settings
  4. Flow Non-Default Global Settings
  5. Flow Elapsed Time
  6. Flow OS Summary
  7. Flow Log
  8. Flow Messages
  9. Flow Suppressed Messages



----------------
; Legal Notice ;
----------------
Copyright (C) 1991-2015 Altera Corporation. All rights reserved.
Your use of Altera Corporation's design tools, logic functions 
and other software and tools, and its AMPP partner logic 
functions, and any output files from any of the foregoing 
(including device programming or simulation files), and any 
associated documentation or information are expressly subject 
to the terms and conditions of the Altera Program License 
Subscription Agreement, the Altera Quartus II License Agreement,
the Altera MegaCore Function License Agreement, or other 
applicable license agreement, including, without limitation, 
that your use is for the sole purpose of programming logic 
devices manufactured by Altera and sold by Altera or its 
authorized distributors.  Please refer to the applicable 
agreement for further details.



+---------------------------------------------------------------------------------+
; Flow Summary                                                                    ;
+------------------------------------+--------------------------------------------+
; Flow Status                        ; Successful - Sat Nov 19 21:00:43 2016      ;
; Quartus II 64-Bit Version          ; 15.0.0 Build 145 04/22/2015 SJ Web Edition ;
; Revision Name                      ; lab8                                       ;
; Top-level Entity Name              ; lab8                                       ;
; Family                             ; Cyclone IV E                               ;
; Device                             ; EP4CE115F29C7                              ;
; Timing Models                      ; Final                                      ;
; Total logic elements               ; 3,862 / 114,480 ( 3 % )                    ;
;     Total combinational functions  ; 2,937 / 114,480 ( 3 % )                    ;
;     Dedicated logic registers      ; 2,688 / 114,480 ( 2 % )                    ;
; Total registers                    ; 2807                                       ;
; Total pins                         ; 169 / 529 ( 32 % )                         ;
; Total virtual pins                 ; 0                                          ;
; Total memory bits                  ; 14,336 / 3,981,312 ( < 1 % )               ;
; Embedded Multiplier 9-bit elements ; 0 / 532 ( 0 % )                            ;
; Total PLLs                         ; 1 / 4 ( 25 % )                             ;
+------------------------------------+--------------------------------------------+


+-----------------------------------------+
; Flow Settings                           ;
+-------------------+---------------------+
; Option            ; Setting             ;
+-------------------+---------------------+
; Start date & time ; 11/19/2016 20:59:16 ;
; Main task         ; Compilation         ;
; Revision Name     ; lab8                ;
+-------------------+---------------------+


+----------------------------------------------------------------------------------------------------------------------------------------------------------------------------------------------------------+
; Flow Non-Default Global Settings                                                                                                                                                                         ;
+-------------------------------------+---------------------------------------------------------------------------------------------------------------+---------------+-----------------+------------------+
; Assignment Name                     ; Value                                                                                                         ; Default Value ; Entity Name     ; Section Id       ;
+-------------------------------------+---------------------------------------------------------------------------------------------------------------+---------------+-----------------+------------------+
; COMPILER_SIGNATURE_ID               ; 277807423355465.147961075609756                                                                               ; --            ; --              ; --               ;
; EDA_OUTPUT_DATA_FORMAT              ; Systemverilog Hdl                                                                                             ; --            ; --              ; eda_simulation   ;
; EDA_SIMULATION_TOOL                 ; ModelSim-Altera (SystemVerilog)                                                                               ; <None>        ; --              ; --               ;
; ENABLE_SIGNALTAP                    ; On                                                                                                            ; --            ; --              ; --               ;
; FLOW_ENABLE_POWER_ANALYZER          ; On                                                                                                            ; Off           ; --              ; --               ;
; MAX_CORE_JUNCTION_TEMP              ; 85                                                                                                            ; --            ; --              ; --               ;
; MIN_CORE_JUNCTION_TEMP              ; 0                                                                                                             ; --            ; --              ; --               ;
; MISC_FILE                           ; lab8_soc/synthesis/../nios_system.cmp                                                                         ; --            ; --              ; --               ;
; MISC_FILE                           ; lab8_soc/synthesis/../../nios_system.qsys                                                                     ; --            ; --              ; --               ;
; NUM_PARALLEL_PROCESSORS             ; All                                                                                                           ; --            ; --              ; --               ;
; PARTITION_COLOR                     ; 16764057                                                                                                      ; --            ; DE2_115_Default ; Top              ;
; PARTITION_COLOR                     ; 16764057                                                                                                      ; --            ; --              ; Top              ;
; PARTITION_FITTER_PRESERVATION_LEVEL ; PLACEMENT_AND_ROUTING                                                                                         ; --            ; DE2_115_Default ; Top              ;
; PARTITION_FITTER_PRESERVATION_LEVEL ; PLACEMENT_AND_ROUTING                                                                                         ; --            ; --              ; Top              ;
; PARTITION_NETLIST_TYPE              ; SOURCE                                                                                                        ; --            ; DE2_115_Default ; Top              ;
; PARTITION_NETLIST_TYPE              ; SOURCE                                                                                                        ; --            ; --              ; Top              ;
; POWER_BOARD_THERMAL_MODEL           ; None (CONSERVATIVE)                                                                                           ; --            ; --              ; --               ;
; POWER_DEFAULT_INPUT_IO_TOGGLE_RATE  ; 12.5 %                                                                                                        ; 12.5%         ; --              ; --               ;
; POWER_PRESET_COOLING_SOLUTION       ; 23 MM HEAT SINK WITH 200 LFPM AIRFLOW                                                                         ; --            ; --              ; --               ;
; SLD_FILE                            ; lab8_soc/synthesis/nios_system.regmap                                                                         ; --            ; --              ; --               ;
; SLD_FILE                            ; lab8_soc/synthesis/nios_system.debuginfo                                                                      ; --            ; --              ; --               ;
; SLD_FILE                            ; db/stp1_auto_stripped.stp                                                                                     ; --            ; --              ; --               ;
; SLD_INFO                            ; QSYS_NAME nios_system HAS_SOPCINFO 1 GENERATION_ID 1478845428                                                 ; --            ; nios_system     ; --               ;
; SLD_NODE_CREATOR_ID                 ; 110                                                                                                           ; --            ; --              ; auto_signaltap_0 ;
; SLD_NODE_ENTITY_NAME                ; sld_signaltap                                                                                                 ; --            ; --              ; auto_signaltap_0 ;
; SLD_NODE_PARAMETER_ASSIGNMENT       ; SLD_RAM_BLOCK_TYPE=AUTO                                                                                       ; --            ; --              ; auto_signaltap_0 ;
; SLD_NODE_PARAMETER_ASSIGNMENT       ; SLD_DATA_BITS=23                                                                                              ; --            ; --              ; auto_signaltap_0 ;
; SLD_NODE_PARAMETER_ASSIGNMENT       ; SLD_TRIGGER_BITS=23                                                                                           ; --            ; --              ; auto_signaltap_0 ;
; SLD_NODE_PARAMETER_ASSIGNMENT       ; SLD_STORAGE_QUALIFIER_BITS=23                                                                                 ; --            ; --              ; auto_signaltap_0 ;
; SLD_NODE_PARAMETER_ASSIGNMENT       ; SLD_NODE_INFO=805334528                                                                                       ; --            ; --              ; auto_signaltap_0 ;
; SLD_NODE_PARAMETER_ASSIGNMENT       ; SLD_POWER_UP_TRIGGER=0                                                                                        ; --            ; --              ; auto_signaltap_0 ;
; SLD_NODE_PARAMETER_ASSIGNMENT       ; SLD_STORAGE_QUALIFIER_INVERSION_MASK_LENGTH=0                                                                 ; --            ; --              ; auto_signaltap_0 ;
; SLD_NODE_PARAMETER_ASSIGNMENT       ; SLD_SEGMENT_SIZE=128                                                                                          ; --            ; --              ; auto_signaltap_0 ;
; SLD_NODE_PARAMETER_ASSIGNMENT       ; SLD_ATTRIBUTE_MEM_MODE=OFF                                                                                    ; --            ; --              ; auto_signaltap_0 ;
; SLD_NODE_PARAMETER_ASSIGNMENT       ; SLD_STATE_FLOW_USE_GENERATED=0                                                                                ; --            ; --              ; auto_signaltap_0 ;
; SLD_NODE_PARAMETER_ASSIGNMENT       ; SLD_STATE_BITS=11                                                                                             ; --            ; --              ; auto_signaltap_0 ;
; SLD_NODE_PARAMETER_ASSIGNMENT       ; SLD_BUFFER_FULL_STOP=1                                                                                        ; --            ; --              ; auto_signaltap_0 ;
; SLD_NODE_PARAMETER_ASSIGNMENT       ; SLD_CURRENT_RESOURCE_WIDTH=1                                                                                  ; --            ; --              ; auto_signaltap_0 ;
; SLD_NODE_PARAMETER_ASSIGNMENT       ; SLD_INCREMENTAL_ROUTING=1                                                                                     ; --            ; --              ; auto_signaltap_0 ;
; SLD_NODE_PARAMETER_ASSIGNMENT       ; SLD_TRIGGER_LEVEL=1                                                                                           ; --            ; --              ; auto_signaltap_0 ;
; SLD_NODE_PARAMETER_ASSIGNMENT       ; SLD_SAMPLE_DEPTH=128                                                                                          ; --            ; --              ; auto_signaltap_0 ;
; SLD_NODE_PARAMETER_ASSIGNMENT       ; SLD_TRIGGER_IN_ENABLED=0                                                                                      ; --            ; --              ; auto_signaltap_0 ;
; SLD_NODE_PARAMETER_ASSIGNMENT       ; SLD_TRIGGER_LEVEL_PIPELINE=1                                                                                  ; --            ; --              ; auto_signaltap_0 ;
; SLD_NODE_PARAMETER_ASSIGNMENT       ; SLD_INVERSION_MASK=000000000000000000000000000000000000000000000000000000000000000000000000000000000000000000 ; --            ; --              ; auto_signaltap_0 ;
; SLD_NODE_PARAMETER_ASSIGNMENT       ; SLD_INVERSION_MASK_LENGTH=90                                                                                  ; --            ; --              ; auto_signaltap_0 ;
; SLD_NODE_PARAMETER_ASSIGNMENT       ; SLD_ADVANCED_TRIGGER_ENTITY=basic,1,                                                                          ; --            ; --              ; auto_signaltap_0 ;
; SLD_NODE_PARAMETER_ASSIGNMENT       ; SLD_ENABLE_ADVANCED_TRIGGER=0                                                                                 ; --            ; --              ; auto_signaltap_0 ;
; SOPCINFO_FILE                       ; lab8_soc/synthesis/../../nios_system.sopcinfo                                                                 ; --            ; --              ; --               ;
; SYNTHESIS_ONLY_QIP                  ; On                                                                                                            ; --            ; --              ; --               ;
; USE_SIGNALTAP_FILE                  ; lab8_soc/synthesis/stp1.stp                                                                                   ; --            ; --              ; --               ;
+-------------------------------------+---------------------------------------------------------------------------------------------------------------+---------------+-----------------+------------------+


+-------------------------------------------------------------------------------------------------------------------------------+
; Flow Elapsed Time                                                                                                             ;
+---------------------------+--------------+-------------------------+---------------------+------------------------------------+
; Module Name               ; Elapsed Time ; Average Processors Used ; Peak Virtual Memory ; Total CPU Time (on all processors) ;
+---------------------------+--------------+-------------------------+---------------------+------------------------------------+
; Analysis & Synthesis      ; 00:00:30     ; 1.0                     ; 901 MB              ; 00:00:55                           ;
; Fitter                    ; 00:00:22     ; 1.6                     ; 1758 MB             ; 00:00:30                           ;
; Assembler                 ; 00:00:04     ; 1.0                     ; 668 MB              ; 00:00:04                           ;
; PowerPlay Power Analyzer  ; 00:00:10     ; 1.0                     ; 844 MB              ; 00:00:10                           ;
; TimeQuest Timing Analyzer ; 00:00:04     ; 1.0                     ; 891 MB              ; 00:00:04                           ;
; EDA Netlist Writer        ; 00:00:04     ; 1.0                     ; 682 MB              ; 00:00:04                           ;
; Total                     ; 00:01:14     ; --                      ; --                  ; 00:01:47                           ;
+---------------------------+--------------+-------------------------+---------------------+------------------------------------+


+----------------------------------------------------------------------------------------+
; Flow OS Summary                                                                        ;
+---------------------------+------------------+-----------+------------+----------------+
; Module Name               ; Machine Hostname ; OS Name   ; OS Version ; Processor type ;
+---------------------------+------------------+-----------+------------+----------------+
; Analysis & Synthesis      ; DESKTOP-UCLJ9K9  ; Windows 7 ; 6.2        ; x86_64         ;
; Fitter                    ; DESKTOP-UCLJ9K9  ; Windows 7 ; 6.2        ; x86_64         ;
; Assembler                 ; DESKTOP-UCLJ9K9  ; Windows 7 ; 6.2        ; x86_64         ;
; PowerPlay Power Analyzer  ; DESKTOP-UCLJ9K9  ; Windows 7 ; 6.2        ; x86_64         ;
; TimeQuest Timing Analyzer ; DESKTOP-UCLJ9K9  ; Windows 7 ; 6.2        ; x86_64         ;
; EDA Netlist Writer        ; DESKTOP-UCLJ9K9  ; Windows 7 ; 6.2        ; x86_64         ;
+---------------------------+------------------+-----------+------------+----------------+


------------
; Flow Log ;
------------
quartus_map --read_settings_files=on --write_settings_files=off lab8 -c lab8
quartus_fit --read_settings_files=off --write_settings_files=off lab8 -c lab8
quartus_asm --read_settings_files=off --write_settings_files=off lab8 -c lab8
quartus_pow --read_settings_files=off --write_settings_files=off lab8 -c lab8
quartus_sta lab8 -c lab8
quartus_eda --read_settings_files=off --write_settings_files=off lab8 -c lab8



